{"name":"hexo","hostname":"JamesWongs-MacBook-Pro-2.local","pid":42173,"level":20,"msg":"Hexo version: \u001b[35m3.5.0\u001b[39m","time":"2019-04-15T15:41:35.536Z","v":0}
{"name":"hexo","hostname":"JamesWongs-MacBook-Pro-2.local","pid":42173,"level":20,"msg":"Working directory: \u001b[35m~/Documents/GithubRepository/GithubIo/\u001b[39m","time":"2019-04-15T15:41:35.538Z","v":0}
{"name":"hexo","hostname":"JamesWongs-MacBook-Pro-2.local","pid":42173,"level":20,"msg":"Config loaded: \u001b[35m~/Documents/GithubRepository/GithubIo/_config.yml\u001b[39m","time":"2019-04-15T15:41:35.725Z","v":0}
{"name":"hexo","hostname":"JamesWongs-MacBook-Pro-2.local","pid":42173,"level":20,"msg":"Plugin loaded: \u001b[35mhexo-generator-tag\u001b[39m","time":"2019-04-15T15:41:35.742Z","v":0}
{"name":"hexo","hostname":"JamesWongs-MacBook-Pro-2.local","pid":42173,"level":20,"msg":"Plugin loaded: \u001b[35mhexo-generator-category\u001b[39m","time":"2019-04-15T15:41:35.745Z","v":0}
{"name":"hexo","hostname":"JamesWongs-MacBook-Pro-2.local","pid":42173,"level":20,"msg":"Plugin loaded: \u001b[35mhexo-generator-archive\u001b[39m","time":"2019-04-15T15:41:35.747Z","v":0}
{"name":"hexo","hostname":"JamesWongs-MacBook-Pro-2.local","pid":42173,"level":20,"msg":"Plugin loaded: \u001b[35mhexo-deployer-git\u001b[39m","time":"2019-04-15T15:41:35.803Z","v":0}
{"name":"hexo","hostname":"JamesWongs-MacBook-Pro-2.local","pid":42173,"level":20,"msg":"Plugin loaded: \u001b[35mhexo-renderer-ejs\u001b[39m","time":"2019-04-15T15:41:35.808Z","v":0}
{"name":"hexo","hostname":"JamesWongs-MacBook-Pro-2.local","pid":42173,"level":20,"msg":"Plugin loaded: \u001b[35mhexo-renderer-stylus\u001b[39m","time":"2019-04-15T15:41:35.809Z","v":0}
{"name":"hexo","hostname":"JamesWongs-MacBook-Pro-2.local","pid":42173,"level":20,"msg":"Plugin loaded: \u001b[35mhexo-renderer-marked\u001b[39m","time":"2019-04-15T15:41:35.818Z","v":0}
{"name":"hexo","hostname":"JamesWongs-MacBook-Pro-2.local","pid":42173,"level":20,"msg":"Plugin loaded: \u001b[35mhexo-generator-index\u001b[39m","time":"2019-04-15T15:41:35.820Z","v":0}
{"name":"hexo","hostname":"JamesWongs-MacBook-Pro-2.local","pid":42173,"level":20,"msg":"Plugin loaded: \u001b[35mhexo-server\u001b[39m","time":"2019-04-15T15:41:35.965Z","v":0}
{"name":"hexo","hostname":"JamesWongs-MacBook-Pro-2.local","pid":42173,"level":20,"msg":"Script loaded: \u001b[35mthemes/next/scripts/tags/button.js\u001b[39m","time":"2019-04-15T15:41:35.973Z","v":0}
{"name":"hexo","hostname":"JamesWongs-MacBook-Pro-2.local","pid":42173,"level":20,"msg":"Script loaded: \u001b[35mthemes/next/scripts/merge-configs.js\u001b[39m","time":"2019-04-15T15:41:35.978Z","v":0}
{"name":"hexo","hostname":"JamesWongs-MacBook-Pro-2.local","pid":42173,"level":20,"msg":"Script loaded: \u001b[35mthemes/next/scripts/tags/exturl.js\u001b[39m","time":"2019-04-15T15:41:35.979Z","v":0}
{"name":"hexo","hostname":"JamesWongs-MacBook-Pro-2.local","pid":42173,"level":20,"msg":"Script loaded: \u001b[35mthemes/next/scripts/merge.js\u001b[39m","time":"2019-04-15T15:41:35.982Z","v":0}
{"name":"hexo","hostname":"JamesWongs-MacBook-Pro-2.local","pid":42173,"level":20,"msg":"Script loaded: \u001b[35mthemes/next/scripts/tags/center-quote.js\u001b[39m","time":"2019-04-15T15:41:35.983Z","v":0}
{"name":"hexo","hostname":"JamesWongs-MacBook-Pro-2.local","pid":42173,"level":20,"msg":"Script loaded: \u001b[35mthemes/next/scripts/tags/full-image.js\u001b[39m","time":"2019-04-15T15:41:35.983Z","v":0}
{"name":"hexo","hostname":"JamesWongs-MacBook-Pro-2.local","pid":42173,"level":20,"msg":"Script loaded: \u001b[35mthemes/next/scripts/tags/note.js\u001b[39m","time":"2019-04-15T15:41:35.983Z","v":0}
{"name":"hexo","hostname":"JamesWongs-MacBook-Pro-2.local","pid":42173,"level":20,"msg":"Script loaded: \u001b[35mthemes/next/scripts/tags/group-pictures.js\u001b[39m","time":"2019-04-15T15:41:35.984Z","v":0}
{"name":"hexo","hostname":"JamesWongs-MacBook-Pro-2.local","pid":42173,"level":20,"msg":"Script loaded: \u001b[35mthemes/next/scripts/tags/lazy-image.js\u001b[39m","time":"2019-04-15T15:41:35.984Z","v":0}
{"name":"hexo","hostname":"JamesWongs-MacBook-Pro-2.local","pid":42173,"level":20,"msg":"Script loaded: \u001b[35mthemes/next/scripts/tags/label.js\u001b[39m","time":"2019-04-15T15:41:35.985Z","v":0}
{"name":"hexo","hostname":"JamesWongs-MacBook-Pro-2.local","pid":42173,"level":20,"msg":"Script loaded: \u001b[35mthemes/next/scripts/tags/tabs.js\u001b[39m","time":"2019-04-15T15:41:35.985Z","v":0}
{"name":"hexo","hostname":"JamesWongs-MacBook-Pro-2.local","pid":42173,"level":60,"msg":"Port 4000 has been used. Try other port instead.","time":"2019-04-15T15:41:35.990Z","v":0}
{"name":"hexo","hostname":"JamesWongs-MacBook-Pro-2.local","pid":42173,"level":60,"err":{"message":"listen EADDRINUSE 0.0.0.0:4000","name":"Error","stack":"Error: listen EADDRINUSE 0.0.0.0:4000\n    at Server.setupListenHandle [as _listen2] (net.js:1342:14)\n    at listenInCluster (net.js:1383:12)\n    at doListen (net.js:1498:7)\n    at process._tickCallback (internal/process/next_tick.js:114:19)","code":"EADDRINUSE"},"msg":"Something's wrong. Maybe you can find the solution here: \u001b[4mhttp://hexo.io/docs/troubleshooting.html\u001b[24m","time":"2019-04-15T15:41:35.991Z","v":0}
{"name":"hexo","hostname":"JamesWongs-MacBook-Pro-2.local","pid":42173,"level":20,"msg":"Database saved","time":"2019-04-15T15:41:35.993Z","v":0}
